This file contains any messages produced by compilers while
running configure, to aid debugging if configure makes a mistake.

It was created by configure, which was
generated by GNU Autoconf 2.59.  Invocation command line was

  $ ../configure --host=mips-linux-uclibc CC=mips-linux-uclibc-gcc AR=mips-linux-uclibc-ar RANLIB=mips-linux-uclibc-ranlib STRIP=mips-linux-uclibc-strip NM=mips-linux-uclibc-nm

## --------- ##
## Platform. ##
## --------- ##

hostname = VZY08001
uname -m = x86_64
uname -r = 2.6.5-7.244-smp
uname -s = Linux
uname -v = #1 SMP Mon Dec 12 18:32:25 UTC 2005

/usr/bin/uname -p = unknown
/bin/uname -X     = unknown

/bin/arch              = x86_64
/usr/bin/arch -k       = unknown
/usr/convex/getsysinfo = unknown
hostinfo               = unknown
/bin/machine           = unknown
/usr/bin/oslevel       = unknown
/bin/universe          = unknown

PATH: /usr/local/urd2/openrg2_6/mips-linux-uclibc/bin
PATH: /usr/local/urd2/bin
PATH: /usr/local/bin
PATH: /usr/bin
PATH: /usr/X11R6/bin
PATH: /bin
PATH: /usr/games
PATH: /opt/gnome/bin
PATH: /opt/kde3/bin
PATH: /usr/lib/java/bin


## ----------- ##
## Core tests. ##
## ----------- ##

configure:1296: checking for mips-linux-uclibc-gcc
configure:1322: result: mips-linux-uclibc-gcc
configure:1604: checking for C compiler version
configure:1607: mips-linux-uclibc-gcc --version </dev/null >&5
mips-linux-uclibc-gcc (GCC) 3.4.3
Copyright (C) 2004 Free Software Foundation, Inc.
This is free software; see the source for copying conditions.  There is NO
warranty; not even for MERCHANTABILITY or FITNESS FOR A PARTICULAR PURPOSE.

configure:1610: $? = 0
configure:1612: mips-linux-uclibc-gcc -v </dev/null >&5
Reading specs from /usr/local/urd2/openrg2_6/mips-linux-uclibc/bin/../lib/gcc/mips-linux-uclibc/3.4.3/specs
Configured with: /filer1/dev_projets/rg_v2/dev/delizy/sdk/toolchain/relative/fusiv_linux-2.6_v1.0/buildroot/toolchain_build_mips_nofpu/gcc-3.4.3/configure --prefix=/filer1/dev_projets/rg_v2/dev/delizy/sdk/toolchain/relative/fusiv_linux-2.6_v1.0/buildroot/build_mips_nofpu/staging_dir --build=i686-pc-linux-gnu --host=i686-pc-linux-gnu --target=mips-linux-uclibc --enable-languages=c,c++ --enable-shared --disable-__cxa_atexit --enable-target-optspace --with-gnu-ld --disable-nls --enable-multilib --with-float=soft --with-arch=lx4189
Thread model: posix
gcc version 3.4.3
configure:1615: $? = 0
configure:1617: mips-linux-uclibc-gcc -V </dev/null >&5
mips-linux-uclibc-gcc: `-V' option must have argument
configure:1620: $? = 1
configure:1643: checking for C compiler default output file name
configure:1646: mips-linux-uclibc-gcc    conftest.c  >&5
configure:1649: $? = 0
configure:1695: result: a.out
configure:1700: checking whether the C compiler works
configure:1706: ./a.out
../configure: line 1: ./a.out: cannot execute binary file
configure:1709: $? = 126
configure:1726: result: yes
configure:1733: checking whether we are cross compiling
configure:1735: result: yes
configure:1738: checking for suffix of executables
configure:1740: mips-linux-uclibc-gcc -o conftest    conftest.c  >&5
configure:1743: $? = 0
configure:1768: result: 
configure:1774: checking for suffix of object files
configure:1795: mips-linux-uclibc-gcc -c   conftest.c >&5
configure:1798: $? = 0
configure:1820: result: o
configure:1824: checking whether we are using the GNU C compiler
configure:1848: mips-linux-uclibc-gcc -c   conftest.c >&5
configure:1854: $? = 0
configure:1858: test -z 
			 || test ! -s conftest.err
configure:1861: $? = 0
configure:1864: test -s conftest.o
configure:1867: $? = 0
configure:1880: result: yes
configure:1886: checking whether mips-linux-uclibc-gcc accepts -g
configure:1907: mips-linux-uclibc-gcc -c -g  conftest.c >&5
configure:1913: $? = 0
configure:1917: test -z 
			 || test ! -s conftest.err
configure:1920: $? = 0
configure:1923: test -s conftest.o
configure:1926: $? = 0
configure:1937: result: yes
configure:1954: checking for mips-linux-uclibc-gcc option to accept ANSI C
configure:2024: mips-linux-uclibc-gcc  -c -g -O2  conftest.c >&5
configure:2030: $? = 0
configure:2034: test -z 
			 || test ! -s conftest.err
configure:2037: $? = 0
configure:2040: test -s conftest.o
configure:2043: $? = 0
configure:2061: result: none needed
configure:2079: mips-linux-uclibc-gcc -c -g -O2  conftest.c >&5
conftest.c:2: error: parse error before "me"
configure:2085: $? = 1
configure: failed program was:
| #ifndef __cplusplus
|   choke me
| #endif
configure:2256: checking for a BSD-compatible install
configure:2311: result: /usr/bin/install -c
configure:2325: checking for mips-linux-uclibc-ranlib
configure:2351: result: mips-linux-uclibc-ranlib
configure:2405: checking for dlopen in -ldl
configure:2435: mips-linux-uclibc-gcc -o conftest -g -O2   conftest.c -ldl   >&5
configure:2441: $? = 0
configure:2445: test -z 
			 || test ! -s conftest.err
configure:2448: $? = 0
configure:2451: test -s conftest
configure:2454: $? = 0
configure:2467: result: yes
configure:2484: checking how to run the C preprocessor
configure:2519: mips-linux-uclibc-gcc -E  conftest.c
configure:2525: $? = 0
configure:2557: mips-linux-uclibc-gcc -E  conftest.c
conftest.c:10:28: ac_nonexistent.h: No such file or directory
configure:2563: $? = 1
configure: failed program was:
| /* confdefs.h.  */
| 
| #define PACKAGE_NAME ""
| #define PACKAGE_TARNAME ""
| #define PACKAGE_VERSION ""
| #define PACKAGE_STRING ""
| #define PACKAGE_BUGREPORT ""
| #define HAVE_LIBDL 1
| /* end confdefs.h.  */
| #include <ac_nonexistent.h>
configure:2602: result: mips-linux-uclibc-gcc -E
configure:2626: mips-linux-uclibc-gcc -E  conftest.c
configure:2632: $? = 0
configure:2664: mips-linux-uclibc-gcc -E  conftest.c
conftest.c:10:28: ac_nonexistent.h: No such file or directory
configure:2670: $? = 1
configure: failed program was:
| /* confdefs.h.  */
| 
| #define PACKAGE_NAME ""
| #define PACKAGE_TARNAME ""
| #define PACKAGE_VERSION ""
| #define PACKAGE_STRING ""
| #define PACKAGE_BUGREPORT ""
| #define HAVE_LIBDL 1
| /* end confdefs.h.  */
| #include <ac_nonexistent.h>
configure:2714: checking for egrep
configure:2724: result: grep -E
configure:2729: checking for ANSI C header files
configure:2754: mips-linux-uclibc-gcc -c -g -O2  conftest.c >&5
configure:2760: $? = 0
configure:2764: test -z 
			 || test ! -s conftest.err
configure:2767: $? = 0
configure:2770: test -s conftest.o
configure:2773: $? = 0
configure:2882: result: yes
configure:2906: checking for sys/types.h
configure:2922: mips-linux-uclibc-gcc -c -g -O2  conftest.c >&5
configure:2928: $? = 0
configure:2932: test -z 
			 || test ! -s conftest.err
configure:2935: $? = 0
configure:2938: test -s conftest.o
configure:2941: $? = 0
configure:2952: result: yes
configure:2906: checking for sys/stat.h
configure:2922: mips-linux-uclibc-gcc -c -g -O2  conftest.c >&5
configure:2928: $? = 0
configure:2932: test -z 
			 || test ! -s conftest.err
configure:2935: $? = 0
configure:2938: test -s conftest.o
configure:2941: $? = 0
configure:2952: result: yes
configure:2906: checking for stdlib.h
configure:2922: mips-linux-uclibc-gcc -c -g -O2  conftest.c >&5
configure:2928: $? = 0
configure:2932: test -z 
			 || test ! -s conftest.err
configure:2935: $? = 0
configure:2938: test -s conftest.o
configure:2941: $? = 0
configure:2952: result: yes
configure:2906: checking for string.h
configure:2922: mips-linux-uclibc-gcc -c -g -O2  conftest.c >&5
configure:2928: $? = 0
configure:2932: test -z 
			 || test ! -s conftest.err
configure:2935: $? = 0
configure:2938: test -s conftest.o
configure:2941: $? = 0
configure:2952: result: yes
configure:2906: checking for memory.h
configure:2922: mips-linux-uclibc-gcc -c -g -O2  conftest.c >&5
configure:2928: $? = 0
configure:2932: test -z 
			 || test ! -s conftest.err
configure:2935: $? = 0
configure:2938: test -s conftest.o
configure:2941: $? = 0
configure:2952: result: yes
configure:2906: checking for strings.h
configure:2922: mips-linux-uclibc-gcc -c -g -O2  conftest.c >&5
configure:2928: $? = 0
configure:2932: test -z 
			 || test ! -s conftest.err
configure:2935: $? = 0
configure:2938: test -s conftest.o
configure:2941: $? = 0
configure:2952: result: yes
configure:2906: checking for inttypes.h
configure:2922: mips-linux-uclibc-gcc -c -g -O2  conftest.c >&5
configure:2928: $? = 0
configure:2932: test -z 
			 || test ! -s conftest.err
configure:2935: $? = 0
configure:2938: test -s conftest.o
configure:2941: $? = 0
configure:2952: result: yes
configure:2906: checking for stdint.h
configure:2922: mips-linux-uclibc-gcc -c -g -O2  conftest.c >&5
configure:2928: $? = 0
configure:2932: test -z 
			 || test ! -s conftest.err
configure:2935: $? = 0
configure:2938: test -s conftest.o
configure:2941: $? = 0
configure:2952: result: yes
configure:2906: checking for unistd.h
configure:2922: mips-linux-uclibc-gcc -c -g -O2  conftest.c >&5
configure:2928: $? = 0
configure:2932: test -z 
			 || test ! -s conftest.err
configure:2935: $? = 0
configure:2938: test -s conftest.o
configure:2941: $? = 0
configure:2952: result: yes
configure:2982: checking fcntl.h usability
configure:2994: mips-linux-uclibc-gcc -c -g -O2  conftest.c >&5
configure:3000: $? = 0
configure:3004: test -z 
			 || test ! -s conftest.err
configure:3007: $? = 0
configure:3010: test -s conftest.o
configure:3013: $? = 0
configure:3023: result: yes
configure:3027: checking fcntl.h presence
configure:3037: mips-linux-uclibc-gcc -E  conftest.c
configure:3043: $? = 0
configure:3063: result: yes
configure:3098: checking for fcntl.h
configure:3105: result: yes
configure:2982: checking sys/ioctl.h usability
configure:2994: mips-linux-uclibc-gcc -c -g -O2  conftest.c >&5
configure:3000: $? = 0
configure:3004: test -z 
			 || test ! -s conftest.err
configure:3007: $? = 0
configure:3010: test -s conftest.o
configure:3013: $? = 0
configure:3023: result: yes
configure:3027: checking sys/ioctl.h presence
configure:3037: mips-linux-uclibc-gcc -E  conftest.c
configure:3043: $? = 0
configure:3063: result: yes
configure:3098: checking for sys/ioctl.h
configure:3105: result: yes
configure:2982: checking sys/time.h usability
configure:2994: mips-linux-uclibc-gcc -c -g -O2  conftest.c >&5
configure:3000: $? = 0
configure:3004: test -z 
			 || test ! -s conftest.err
configure:3007: $? = 0
configure:3010: test -s conftest.o
configure:3013: $? = 0
configure:3023: result: yes
configure:3027: checking sys/time.h presence
configure:3037: mips-linux-uclibc-gcc -E  conftest.c
configure:3043: $? = 0
configure:3063: result: yes
configure:3098: checking for sys/time.h
configure:3105: result: yes
configure:2982: checking syslog.h usability
configure:2994: mips-linux-uclibc-gcc -c -g -O2  conftest.c >&5
configure:3000: $? = 0
configure:3004: test -z 
			 || test ! -s conftest.err
configure:3007: $? = 0
configure:3010: test -s conftest.o
configure:3013: $? = 0
configure:3023: result: yes
configure:3027: checking syslog.h presence
configure:3037: mips-linux-uclibc-gcc -E  conftest.c
configure:3043: $? = 0
configure:3063: result: yes
configure:3098: checking for syslog.h
configure:3105: result: yes
configure:2973: checking for unistd.h
configure:2978: result: yes
configure:3119: checking for libevent directory
configure:3132: result: ../libevent
configure:3137: checking for an ANSI C-conforming const
configure:3204: mips-linux-uclibc-gcc -c -g -O2  conftest.c >&5
configure:3210: $? = 0
configure:3214: test -z 
			 || test ! -s conftest.err
configure:3217: $? = 0
configure:3220: test -s conftest.o
configure:3223: $? = 0
configure:3234: result: yes
configure:3244: checking for pid_t
configure:3268: mips-linux-uclibc-gcc -c -g -O2  conftest.c >&5
configure:3274: $? = 0
configure:3278: test -z 
			 || test ! -s conftest.err
configure:3281: $? = 0
configure:3284: test -s conftest.o
configure:3287: $? = 0
configure:3298: result: yes
configure:3310: checking for size_t
configure:3334: mips-linux-uclibc-gcc -c -g -O2  conftest.c >&5
configure:3340: $? = 0
configure:3344: test -z 
			 || test ! -s conftest.err
configure:3347: $? = 0
configure:3350: test -s conftest.o
configure:3353: $? = 0
configure:3364: result: yes
configure:3376: checking whether time.h and sys/time.h may both be included
configure:3401: mips-linux-uclibc-gcc -c -g -O2  conftest.c >&5
configure:3407: $? = 0
configure:3411: test -z 
			 || test ! -s conftest.err
configure:3414: $? = 0
configure:3417: test -s conftest.o
configure:3420: $? = 0
configure:3431: result: yes
configure:3443: checking whether mips-linux-uclibc-gcc needs -traditional
configure:3485: result: no
configure:3492: checking for working memcmp
configure:3562: result: no
configure:3573: checking return type of signal handlers
configure:3604: mips-linux-uclibc-gcc -c -g -O2  conftest.c >&5
configure:3610: $? = 0
configure:3614: test -z 
			 || test ! -s conftest.err
configure:3617: $? = 0
configure:3620: test -s conftest.o
configure:3623: $? = 0
configure:3634: result: void
configure:3646: checking for vprintf
configure:3703: mips-linux-uclibc-gcc -o conftest -g -O2   conftest.c -ldl  >&5
conftest.c:51: warning: conflicting types for built-in function 'vprintf'
configure:3709: $? = 0
configure:3713: test -z 
			 || test ! -s conftest.err
configure:3716: $? = 0
configure:3719: test -s conftest
configure:3722: $? = 0
configure:3734: result: yes
configure:3741: checking for _doprnt
configure:3798: mips-linux-uclibc-gcc -o conftest -g -O2   conftest.c -ldl  >&5
/tmp/ccJ21s5f.o(.text+0x10): In function `main':
/filer1_vol11/dev_projets5/etl/dev/ogallot/rp-l2tp/new-l2tp/rp-l2tp-0.4/libevent/conftest.c:68: undefined reference to `_doprnt'
/tmp/ccJ21s5f.o(.data.rel+0x0):/filer1_vol11/dev_projets5/etl/dev/ogallot/rp-l2tp/new-l2tp/rp-l2tp-0.4/libevent/conftest.c:67: undefined reference to `_doprnt'
collect2: ld returned 1 exit status
configure:3804: $? = 1
configure: failed program was:
| /* confdefs.h.  */
| 
| #define PACKAGE_NAME ""
| #define PACKAGE_TARNAME ""
| #define PACKAGE_VERSION ""
| #define PACKAGE_STRING ""
| #define PACKAGE_BUGREPORT ""
| #define HAVE_LIBDL 1
| #define STDC_HEADERS 1
| #define HAVE_SYS_TYPES_H 1
| #define HAVE_SYS_STAT_H 1
| #define HAVE_STDLIB_H 1
| #define HAVE_STRING_H 1
| #define HAVE_MEMORY_H 1
| #define HAVE_STRINGS_H 1
| #define HAVE_INTTYPES_H 1
| #define HAVE_STDINT_H 1
| #define HAVE_UNISTD_H 1
| #define HAVE_FCNTL_H 1
| #define HAVE_SYS_IOCTL_H 1
| #define HAVE_SYS_TIME_H 1
| #define HAVE_SYSLOG_H 1
| #define HAVE_UNISTD_H 1
| #define TIME_WITH_SYS_TIME 1
| #define RETSIGTYPE void
| #define HAVE_VPRINTF 1
| /* end confdefs.h.  */
| /* Define _doprnt to an innocuous variant, in case <limits.h> declares _doprnt.
|    For example, HP-UX 11i <limits.h> declares gettimeofday.  */
| #define _doprnt innocuous__doprnt
| 
| /* System header to define __stub macros and hopefully few prototypes,
|     which can conflict with char _doprnt (); below.
|     Prefer <limits.h> to <assert.h> if __STDC__ is defined, since
|     <limits.h> exists even on freestanding compilers.  */
| 
| #ifdef __STDC__
| # include <limits.h>
| #else
| # include <assert.h>
| #endif
| 
| #undef _doprnt
| 
| /* Override any gcc2 internal prototype to avoid an error.  */
| #ifdef __cplusplus
| extern "C"
| {
| #endif
| /* We use char because int might match the return type of a gcc2
|    builtin and then its argument prototype would still apply.  */
| char _doprnt ();
| /* The GNU C library defines this for functions which it implements
|     to always fail with ENOSYS.  Some functions are actually named
|     something starting with __ and the normal name is an alias.  */
| #if defined (__stub__doprnt) || defined (__stub____doprnt)
| choke me
| #else
| char (*f) () = _doprnt;
| #endif
| #ifdef __cplusplus
| }
| #endif
| 
| int
| main ()
| {
| return f != _doprnt;
|   ;
|   return 0;
| }
configure:3829: result: no
configure:3852: checking for gethostname
configure:3909: mips-linux-uclibc-gcc -o conftest -g -O2   conftest.c -ldl  >&5
configure:3915: $? = 0
configure:3919: test -z 
			 || test ! -s conftest.err
configure:3922: $? = 0
configure:3925: test -s conftest
configure:3928: $? = 0
configure:3940: result: yes
configure:3852: checking for gettimeofday
configure:3909: mips-linux-uclibc-gcc -o conftest -g -O2   conftest.c -ldl  >&5
configure:3915: $? = 0
configure:3919: test -z 
			 || test ! -s conftest.err
configure:3922: $? = 0
configure:3925: test -s conftest
configure:3928: $? = 0
configure:3940: result: yes
configure:3852: checking for socket
configure:3909: mips-linux-uclibc-gcc -o conftest -g -O2   conftest.c -ldl  >&5
configure:3915: $? = 0
configure:3919: test -z 
			 || test ! -s conftest.err
configure:3922: $? = 0
configure:3925: test -s conftest
configure:3928: $? = 0
configure:3940: result: yes
configure:3852: checking for strdup
configure:3909: mips-linux-uclibc-gcc -o conftest -g -O2   conftest.c -ldl  >&5
conftest.c:55: warning: conflicting types for built-in function 'strdup'
configure:3915: $? = 0
configure:3919: test -z 
			 || test ! -s conftest.err
configure:3922: $? = 0
configure:3925: test -s conftest
configure:3928: $? = 0
configure:3940: result: yes
configure:3852: checking for strerror
configure:3909: mips-linux-uclibc-gcc -o conftest -g -O2   conftest.c -ldl  >&5
configure:3915: $? = 0
configure:3919: test -z 
			 || test ! -s conftest.err
configure:3922: $? = 0
configure:3925: test -s conftest
configure:3928: $? = 0
configure:3940: result: yes
configure:3852: checking for strtol
configure:3909: mips-linux-uclibc-gcc -o conftest -g -O2   conftest.c -ldl  >&5
configure:3915: $? = 0
configure:3919: test -z 
			 || test ! -s conftest.err
configure:3922: $? = 0
configure:3925: test -s conftest
configure:3928: $? = 0
configure:3940: result: yes
configure:4089: creating ./config.status

## ---------------------- ##
## Running config.status. ##
## ---------------------- ##

This file was extended by config.status, which was
generated by GNU Autoconf 2.59.  Invocation command line was

  CONFIG_FILES    = 
  CONFIG_HEADERS  = 
  CONFIG_LINKS    = 
  CONFIG_COMMANDS = 
  $ ./config.status 

on VZY08001

config.status:644: creating Makefile
config.status:644: creating handlers/Makefile

## ---------------- ##
## Cache variables. ##
## ---------------- ##

ac_cv_c_compiler_gnu=yes
ac_cv_c_const=yes
ac_cv_env_CC_set=set
ac_cv_env_CC_value=mips-linux-uclibc-gcc
ac_cv_env_CFLAGS_set=
ac_cv_env_CFLAGS_value=
ac_cv_env_CPPFLAGS_set=
ac_cv_env_CPPFLAGS_value=
ac_cv_env_CPP_set=
ac_cv_env_CPP_value=
ac_cv_env_LDFLAGS_set=
ac_cv_env_LDFLAGS_value=
ac_cv_env_build_alias_set=
ac_cv_env_build_alias_value=
ac_cv_env_host_alias_set=set
ac_cv_env_host_alias_value=mips-linux-uclibc
ac_cv_env_target_alias_set=
ac_cv_env_target_alias_value=
ac_cv_exeext=
ac_cv_func__doprnt=no
ac_cv_func_gethostname=yes
ac_cv_func_gettimeofday=yes
ac_cv_func_memcmp_working=no
ac_cv_func_socket=yes
ac_cv_func_strdup=yes
ac_cv_func_strerror=yes
ac_cv_func_strtol=yes
ac_cv_func_vprintf=yes
ac_cv_header_fcntl_h=yes
ac_cv_header_inttypes_h=yes
ac_cv_header_memory_h=yes
ac_cv_header_stdc=yes
ac_cv_header_stdint_h=yes
ac_cv_header_stdlib_h=yes
ac_cv_header_string_h=yes
ac_cv_header_strings_h=yes
ac_cv_header_sys_ioctl_h=yes
ac_cv_header_sys_stat_h=yes
ac_cv_header_sys_time_h=yes
ac_cv_header_sys_types_h=yes
ac_cv_header_syslog_h=yes
ac_cv_header_time=yes
ac_cv_header_unistd_h=yes
ac_cv_lib_dl_dlopen=yes
ac_cv_objext=o
ac_cv_path_install='/usr/bin/install -c'
ac_cv_prog_CC=mips-linux-uclibc-gcc
ac_cv_prog_CPP='mips-linux-uclibc-gcc -E'
ac_cv_prog_RANLIB=mips-linux-uclibc-ranlib
ac_cv_prog_cc_g=yes
ac_cv_prog_cc_stdc=
ac_cv_prog_egrep='grep -E'
ac_cv_prog_gcc_traditional=no
ac_cv_type_pid_t=yes
ac_cv_type_signal=void
ac_cv_type_size_t=yes

## ----------------- ##
## Output variables. ##
## ----------------- ##

CC='mips-linux-uclibc-gcc'
CFLAGS='-g -O2'
CPP='mips-linux-uclibc-gcc -E'
CPPFLAGS=''
DEFS='-DPACKAGE_NAME=\"\" -DPACKAGE_TARNAME=\"\" -DPACKAGE_VERSION=\"\" -DPACKAGE_STRING=\"\" -DPACKAGE_BUGREPORT=\"\" -DHAVE_LIBDL=1 -DSTDC_HEADERS=1 -DHAVE_SYS_TYPES_H=1 -DHAVE_SYS_STAT_H=1 -DHAVE_STDLIB_H=1 -DHAVE_STRING_H=1 -DHAVE_MEMORY_H=1 -DHAVE_STRINGS_H=1 -DHAVE_INTTYPES_H=1 -DHAVE_STDINT_H=1 -DHAVE_UNISTD_H=1 -DHAVE_FCNTL_H=1 -DHAVE_SYS_IOCTL_H=1 -DHAVE_SYS_TIME_H=1 -DHAVE_SYSLOG_H=1 -DHAVE_UNISTD_H=1 -DTIME_WITH_SYS_TIME=1 -DRETSIGTYPE=void -DHAVE_VPRINTF=1 -DHAVE_GETHOSTNAME=1 -DHAVE_GETTIMEOFDAY=1 -DHAVE_SOCKET=1 -DHAVE_STRDUP=1 -DHAVE_STRERROR=1 -DHAVE_STRTOL=1 '
ECHO_C=''
ECHO_N='-n'
ECHO_T=''
EGREP='grep -E'
EXEEXT=''
INSTALL_DATA='${INSTALL} -m 644'
INSTALL_PROGRAM='${INSTALL}'
INSTALL_SCRIPT='${INSTALL}'
LDFLAGS=''
LIBEVENT='../libevent'
LIBOBJS=' memcmp$U.o'
LIBS='-ldl '
LTLIBOBJS=' memcmp$U.lo'
OBJEXT='o'
PACKAGE_BUGREPORT=''
PACKAGE_NAME=''
PACKAGE_STRING=''
PACKAGE_TARNAME=''
PACKAGE_VERSION=''
PATH_SEPARATOR=':'
RANLIB='mips-linux-uclibc-ranlib'
SHELL='/bin/sh'
ac_ct_CC=''
ac_ct_RANLIB=''
bindir='${exec_prefix}/bin'
build_alias=''
datadir='${prefix}/share'
exec_prefix='${prefix}'
host_alias='mips-linux-uclibc'
includedir='${prefix}/include'
infodir='${prefix}/info'
libdir='${exec_prefix}/lib'
libexecdir='${exec_prefix}/libexec'
localstatedir='${prefix}/var'
mandir='${prefix}/man'
oldincludedir='/usr/include'
prefix='/usr/local'
program_transform_name='s,x,x,'
sbindir='${exec_prefix}/sbin'
sharedstatedir='${prefix}/com'
sysconfdir='${prefix}/etc'
target_alias=''

## ----------- ##
## confdefs.h. ##
## ----------- ##

#define HAVE_FCNTL_H 1
#define HAVE_GETHOSTNAME 1
#define HAVE_GETTIMEOFDAY 1
#define HAVE_INTTYPES_H 1
#define HAVE_LIBDL 1
#define HAVE_MEMORY_H 1
#define HAVE_SOCKET 1
#define HAVE_STDINT_H 1
#define HAVE_STDLIB_H 1
#define HAVE_STRDUP 1
#define HAVE_STRERROR 1
#define HAVE_STRINGS_H 1
#define HAVE_STRING_H 1
#define HAVE_STRTOL 1
#define HAVE_SYSLOG_H 1
#define HAVE_SYS_IOCTL_H 1
#define HAVE_SYS_STAT_H 1
#define HAVE_SYS_TIME_H 1
#define HAVE_SYS_TYPES_H 1
#define HAVE_UNISTD_H 1
#define HAVE_UNISTD_H 1
#define HAVE_VPRINTF 1
#define PACKAGE_BUGREPORT ""
#define PACKAGE_NAME ""
#define PACKAGE_STRING ""
#define PACKAGE_TARNAME ""
#define PACKAGE_VERSION ""
#define RETSIGTYPE void
#define STDC_HEADERS 1
#define TIME_WITH_SYS_TIME 1

configure: exit 0
